[debug] [2020-10-26T17:08:28.637Z] ----------------------------------------------------------------------
[debug] [2020-10-26T17:08:28.639Z] Command:       /usr/local/bin/node /Users/rahul/.npm-global/bin/firebase deploy
[debug] [2020-10-26T17:08:28.639Z] CLI Version:   8.6.0
[debug] [2020-10-26T17:08:28.639Z] Platform:      darwin
[debug] [2020-10-26T17:08:28.639Z] Node Version:  v12.14.1
[debug] [2020-10-26T17:08:28.640Z] Time:          Mon Oct 26 2020 22:38:28 GMT+0530 (India Standard Time)
[debug] [2020-10-26T17:08:28.640Z] ----------------------------------------------------------------------
[debug] [2020-10-26T17:08:28.640Z] 
[debug] [2020-10-26T17:08:28.649Z] > command requires scopes: ["email","openid","https://www.googleapis.com/auth/cloudplatformprojects.readonly","https://www.googleapis.com/auth/firebase","https://www.googleapis.com/auth/cloud-platform"]
[debug] [2020-10-26T17:08:28.649Z] > authorizing via signed-in user
[debug] [2020-10-26T17:08:28.649Z] [iam] checking project react-clone-discord for permissions ["firebase.projects.get","firebasehosting.sites.update"]
[debug] [2020-10-26T17:08:28.652Z] >>> HTTP REQUEST POST https://cloudresourcemanager.googleapis.com/v1/projects/react-clone-discord:testIamPermissions  
 {"permissions":["firebase.projects.get","firebasehosting.sites.update"]}
[debug] [2020-10-26T17:08:30.165Z] <<< HTTP RESPONSE 200 {"content-type":"application/json; charset=UTF-8","vary":"X-Origin, Referer, Origin,Accept-Encoding","date":"Mon, 26 Oct 2020 17:08:30 GMT","server":"ESF","cache-control":"private","x-xss-protection":"0","x-frame-options":"SAMEORIGIN","x-content-type-options":"nosniff","server-timing":"gfet4t7; dur=1130","alt-svc":"h3-Q050=\":443\"; ma=2592000,h3-29=\":443\"; ma=2592000,h3-T051=\":443\"; ma=2592000,h3-T050=\":443\"; ma=2592000,h3-Q046=\":443\"; ma=2592000,h3-Q043=\":443\"; ma=2592000,quic=\":443\"; ma=2592000; v=\"46,43\"","accept-ranges":"none","transfer-encoding":"chunked"}
[debug] [2020-10-26T17:08:30.167Z] >>> HTTP REQUEST GET https://firebase.googleapis.com/v1beta1/projects/react-clone-discord  
 
[debug] [2020-10-26T17:08:30.612Z] <<< HTTP RESPONSE 200 {"content-type":"application/json; charset=UTF-8","vary":"X-Origin, Referer, Origin,Accept-Encoding","date":"Mon, 26 Oct 2020 17:08:30 GMT","server":"ESF","cache-control":"private","x-xss-protection":"0","x-frame-options":"SAMEORIGIN","x-content-type-options":"nosniff","alt-svc":"h3-Q050=\":443\"; ma=2592000,h3-29=\":443\"; ma=2592000,h3-T051=\":443\"; ma=2592000,h3-T050=\":443\"; ma=2592000,h3-Q046=\":443\"; ma=2592000,h3-Q043=\":443\"; ma=2592000,quic=\":443\"; ma=2592000; v=\"46,43\"","accept-ranges":"none","transfer-encoding":"chunked"}
[info] 
[info] === Deploying to 'react-clone-discord'...
[info] 
[info] i  deploying hosting 
[debug] [2020-10-26T17:08:30.615Z] >>> HTTP REQUEST POST https://firebasehosting.googleapis.com/v1beta1/sites/react-clone-discord/versions  
 {"config":{"rewrites":[{"glob":"**","path":"/index.html"}]},"labels":{"deployment-tool":"cli-firebase"}}
[debug] [2020-10-26T17:08:32.581Z] <<< HTTP RESPONSE 500 {"vary":"X-Origin, Referer, Origin,Accept-Encoding","content-type":"application/json; charset=UTF-8","date":"Mon, 26 Oct 2020 17:08:32 GMT","server":"ESF","cache-control":"private","x-xss-protection":"0","x-frame-options":"SAMEORIGIN","x-content-type-options":"nosniff","alt-svc":"h3-Q050=\":443\"; ma=2592000,h3-29=\":443\"; ma=2592000,h3-T051=\":443\"; ma=2592000,h3-T050=\":443\"; ma=2592000,h3-Q046=\":443\"; ma=2592000,h3-Q043=\":443\"; ma=2592000,quic=\":443\"; ma=2592000; v=\"46,43\"","accept-ranges":"none","transfer-encoding":"chunked"}
[debug] [2020-10-26T17:08:32.581Z] <<< HTTP RESPONSE BODY {"error":{"code":500,"message":"Internal error encountered.","status":"INTERNAL"}}
[error] 
[error] Error: HTTP Error: 500, Internal error encountered.
[debug] [2020-10-26T17:08:32.585Z] Error Context: {
  "body": {
    "error": {
      "code": 500,
      "message": "Internal error encountered.",
      "status": "INTERNAL"
    }
  },
  "response": {
    "statusCode": 500,
    "body": {
      "error": {
        "code": 500,
        "message": "Internal error encountered.",
        "status": "INTERNAL"
      }
    },
    "headers": {
      "vary": "X-Origin, Referer, Origin,Accept-Encoding",
      "content-type": "application/json; charset=UTF-8",
      "date": "Mon, 26 Oct 2020 17:08:32 GMT",
      "server": "ESF",
      "cache-control": "private",
      "x-xss-protection": "0",
      "x-frame-options": "SAMEORIGIN",
      "x-content-type-options": "nosniff",
      "alt-svc": "h3-Q050=\":443\"; ma=2592000,h3-29=\":443\"; ma=2592000,h3-T051=\":443\"; ma=2592000,h3-T050=\":443\"; ma=2592000,h3-Q046=\":443\"; ma=2592000,h3-Q043=\":443\"; ma=2592000,quic=\":443\"; ma=2592000; v=\"46,43\"",
      "accept-ranges": "none",
      "transfer-encoding": "chunked"
    },
    "request": {
      "uri": {
        "protocol": "https:",
        "slashes": true,
        "auth": null,
        "host": "firebasehosting.googleapis.com",
        "port": 443,
        "hostname": "firebasehosting.googleapis.com",
        "hash": null,
        "search": null,
        "query": null,
        "pathname": "/v1beta1/sites/react-clone-discord/versions",
        "path": "/v1beta1/sites/react-clone-discord/versions",
        "href": "https://firebasehosting.googleapis.com/v1beta1/sites/react-clone-discord/versions"
      },
      "method": "POST"
    }
  }
}
[debug] [2020-10-26T17:08:41.903Z] ----------------------------------------------------------------------
[debug] [2020-10-26T17:08:41.904Z] Command:       /usr/local/bin/node /Users/rahul/.npm-global/bin/firebase deploy
[debug] [2020-10-26T17:08:41.904Z] CLI Version:   8.6.0
[debug] [2020-10-26T17:08:41.904Z] Platform:      darwin
[debug] [2020-10-26T17:08:41.905Z] Node Version:  v12.14.1
[debug] [2020-10-26T17:08:41.905Z] Time:          Mon Oct 26 2020 22:38:41 GMT+0530 (India Standard Time)
[debug] [2020-10-26T17:08:41.905Z] ----------------------------------------------------------------------
[debug] [2020-10-26T17:08:41.905Z] 
[debug] [2020-10-26T17:08:41.913Z] > command requires scopes: ["email","openid","https://www.googleapis.com/auth/cloudplatformprojects.readonly","https://www.googleapis.com/auth/firebase","https://www.googleapis.com/auth/cloud-platform"]
[debug] [2020-10-26T17:08:41.913Z] > authorizing via signed-in user
[debug] [2020-10-26T17:08:41.913Z] [iam] checking project react-clone-discord for permissions ["firebase.projects.get","firebasehosting.sites.update"]
[debug] [2020-10-26T17:08:41.915Z] >>> HTTP REQUEST POST https://cloudresourcemanager.googleapis.com/v1/projects/react-clone-discord:testIamPermissions  
 {"permissions":["firebase.projects.get","firebasehosting.sites.update"]}
[debug] [2020-10-26T17:08:43.404Z] <<< HTTP RESPONSE 200 {"content-type":"application/json; charset=UTF-8","vary":"X-Origin, Referer, Origin,Accept-Encoding","date":"Mon, 26 Oct 2020 17:08:43 GMT","server":"ESF","cache-control":"private","x-xss-protection":"0","x-frame-options":"SAMEORIGIN","x-content-type-options":"nosniff","server-timing":"gfet4t7; dur=1171","alt-svc":"h3-Q050=\":443\"; ma=2592000,h3-29=\":443\"; ma=2592000,h3-T051=\":443\"; ma=2592000,h3-T050=\":443\"; ma=2592000,h3-Q046=\":443\"; ma=2592000,h3-Q043=\":443\"; ma=2592000,quic=\":443\"; ma=2592000; v=\"46,43\"","accept-ranges":"none","transfer-encoding":"chunked"}
[debug] [2020-10-26T17:08:43.406Z] >>> HTTP REQUEST GET https://firebase.googleapis.com/v1beta1/projects/react-clone-discord  
 
[debug] [2020-10-26T17:08:43.877Z] <<< HTTP RESPONSE 200 {"content-type":"application/json; charset=UTF-8","vary":"X-Origin, Referer, Origin,Accept-Encoding","date":"Mon, 26 Oct 2020 17:08:43 GMT","server":"ESF","cache-control":"private","x-xss-protection":"0","x-frame-options":"SAMEORIGIN","x-content-type-options":"nosniff","alt-svc":"h3-Q050=\":443\"; ma=2592000,h3-29=\":443\"; ma=2592000,h3-T051=\":443\"; ma=2592000,h3-T050=\":443\"; ma=2592000,h3-Q046=\":443\"; ma=2592000,h3-Q043=\":443\"; ma=2592000,quic=\":443\"; ma=2592000; v=\"46,43\"","accept-ranges":"none","transfer-encoding":"chunked"}
[info] 
[info] === Deploying to 'react-clone-discord'...
[info] 
[info] i  deploying hosting 
[debug] [2020-10-26T17:08:43.881Z] >>> HTTP REQUEST POST https://firebasehosting.googleapis.com/v1beta1/sites/react-clone-discord/versions  
 {"config":{"rewrites":[{"glob":"**","path":"/index.html"}]},"labels":{"deployment-tool":"cli-firebase"}}
[debug] [2020-10-26T17:08:45.858Z] <<< HTTP RESPONSE 500 {"vary":"X-Origin, Referer, Origin,Accept-Encoding","content-type":"application/json; charset=UTF-8","date":"Mon, 26 Oct 2020 17:08:45 GMT","server":"ESF","cache-control":"private","x-xss-protection":"0","x-frame-options":"SAMEORIGIN","x-content-type-options":"nosniff","alt-svc":"h3-Q050=\":443\"; ma=2592000,h3-29=\":443\"; ma=2592000,h3-T051=\":443\"; ma=2592000,h3-T050=\":443\"; ma=2592000,h3-Q046=\":443\"; ma=2592000,h3-Q043=\":443\"; ma=2592000,quic=\":443\"; ma=2592000; v=\"46,43\"","accept-ranges":"none","transfer-encoding":"chunked"}
[debug] [2020-10-26T17:08:45.859Z] <<< HTTP RESPONSE BODY {"error":{"code":500,"message":"Internal error encountered.","status":"INTERNAL"}}
[error] 
[error] Error: HTTP Error: 500, Internal error encountered.
[debug] [2020-10-26T17:08:45.862Z] Error Context: {
  "body": {
    "error": {
      "code": 500,
      "message": "Internal error encountered.",
      "status": "INTERNAL"
    }
  },
  "response": {
    "statusCode": 500,
    "body": {
      "error": {
        "code": 500,
        "message": "Internal error encountered.",
        "status": "INTERNAL"
      }
    },
    "headers": {
      "vary": "X-Origin, Referer, Origin,Accept-Encoding",
      "content-type": "application/json; charset=UTF-8",
      "date": "Mon, 26 Oct 2020 17:08:45 GMT",
      "server": "ESF",
      "cache-control": "private",
      "x-xss-protection": "0",
      "x-frame-options": "SAMEORIGIN",
      "x-content-type-options": "nosniff",
      "alt-svc": "h3-Q050=\":443\"; ma=2592000,h3-29=\":443\"; ma=2592000,h3-T051=\":443\"; ma=2592000,h3-T050=\":443\"; ma=2592000,h3-Q046=\":443\"; ma=2592000,h3-Q043=\":443\"; ma=2592000,quic=\":443\"; ma=2592000; v=\"46,43\"",
      "accept-ranges": "none",
      "transfer-encoding": "chunked"
    },
    "request": {
      "uri": {
        "protocol": "https:",
        "slashes": true,
        "auth": null,
        "host": "firebasehosting.googleapis.com",
        "port": 443,
        "hostname": "firebasehosting.googleapis.com",
        "hash": null,
        "search": null,
        "query": null,
        "pathname": "/v1beta1/sites/react-clone-discord/versions",
        "path": "/v1beta1/sites/react-clone-discord/versions",
        "href": "https://firebasehosting.googleapis.com/v1beta1/sites/react-clone-discord/versions"
      },
      "method": "POST"
    }
  }
}
[debug] [2020-10-26T17:10:27.934Z] ----------------------------------------------------------------------
[debug] [2020-10-26T17:10:27.935Z] Command:       /usr/local/bin/node /Users/rahul/.npm-global/bin/firebase deploy
[debug] [2020-10-26T17:10:27.935Z] CLI Version:   8.6.0
[debug] [2020-10-26T17:10:27.935Z] Platform:      darwin
[debug] [2020-10-26T17:10:27.935Z] Node Version:  v12.14.1
[debug] [2020-10-26T17:10:27.936Z] Time:          Mon Oct 26 2020 22:40:27 GMT+0530 (India Standard Time)
[debug] [2020-10-26T17:10:27.936Z] ----------------------------------------------------------------------
[debug] [2020-10-26T17:10:27.936Z] 
[debug] [2020-10-26T17:10:27.945Z] > command requires scopes: ["email","openid","https://www.googleapis.com/auth/cloudplatformprojects.readonly","https://www.googleapis.com/auth/firebase","https://www.googleapis.com/auth/cloud-platform"]
[debug] [2020-10-26T17:10:27.945Z] > authorizing via signed-in user
[debug] [2020-10-26T17:10:27.946Z] [iam] checking project react-clone-discord for permissions ["firebase.projects.get","firebasehosting.sites.update"]
[debug] [2020-10-26T17:10:27.948Z] >>> HTTP REQUEST POST https://cloudresourcemanager.googleapis.com/v1/projects/react-clone-discord:testIamPermissions  
 {"permissions":["firebase.projects.get","firebasehosting.sites.update"]}
[debug] [2020-10-26T17:10:29.388Z] <<< HTTP RESPONSE 200 {"content-type":"application/json; charset=UTF-8","vary":"X-Origin, Referer, Origin,Accept-Encoding","date":"Mon, 26 Oct 2020 17:10:29 GMT","server":"ESF","cache-control":"private","x-xss-protection":"0","x-frame-options":"SAMEORIGIN","x-content-type-options":"nosniff","server-timing":"gfet4t7; dur=1131","alt-svc":"h3-Q050=\":443\"; ma=2592000,h3-29=\":443\"; ma=2592000,h3-T051=\":443\"; ma=2592000,h3-T050=\":443\"; ma=2592000,h3-Q046=\":443\"; ma=2592000,h3-Q043=\":443\"; ma=2592000,quic=\":443\"; ma=2592000; v=\"46,43\"","accept-ranges":"none","transfer-encoding":"chunked"}
[debug] [2020-10-26T17:10:29.389Z] >>> HTTP REQUEST GET https://firebase.googleapis.com/v1beta1/projects/react-clone-discord  
 
[debug] [2020-10-26T17:10:29.885Z] <<< HTTP RESPONSE 200 {"content-type":"application/json; charset=UTF-8","vary":"X-Origin, Referer, Origin,Accept-Encoding","date":"Mon, 26 Oct 2020 17:10:29 GMT","server":"ESF","cache-control":"private","x-xss-protection":"0","x-frame-options":"SAMEORIGIN","x-content-type-options":"nosniff","alt-svc":"h3-Q050=\":443\"; ma=2592000,h3-29=\":443\"; ma=2592000,h3-T051=\":443\"; ma=2592000,h3-T050=\":443\"; ma=2592000,h3-Q046=\":443\"; ma=2592000,h3-Q043=\":443\"; ma=2592000,quic=\":443\"; ma=2592000; v=\"46,43\"","accept-ranges":"none","transfer-encoding":"chunked"}
[info] 
[info] === Deploying to 'react-clone-discord'...
[info] 
[info] i  deploying hosting 
[debug] [2020-10-26T17:10:29.888Z] >>> HTTP REQUEST POST https://firebasehosting.googleapis.com/v1beta1/sites/react-clone-discord/versions  
 {"config":{"rewrites":[{"glob":"**","path":"/index.html"}]},"labels":{"deployment-tool":"cli-firebase"}}
[debug] [2020-10-26T17:10:31.839Z] <<< HTTP RESPONSE 500 {"vary":"X-Origin, Referer, Origin,Accept-Encoding","content-type":"application/json; charset=UTF-8","date":"Mon, 26 Oct 2020 17:10:31 GMT","server":"ESF","cache-control":"private","x-xss-protection":"0","x-frame-options":"SAMEORIGIN","x-content-type-options":"nosniff","alt-svc":"h3-Q050=\":443\"; ma=2592000,h3-29=\":443\"; ma=2592000,h3-T051=\":443\"; ma=2592000,h3-T050=\":443\"; ma=2592000,h3-Q046=\":443\"; ma=2592000,h3-Q043=\":443\"; ma=2592000,quic=\":443\"; ma=2592000; v=\"46,43\"","accept-ranges":"none","transfer-encoding":"chunked"}
[debug] [2020-10-26T17:10:31.839Z] <<< HTTP RESPONSE BODY {"error":{"code":500,"message":"Internal error encountered.","status":"INTERNAL"}}
[error] 
[error] Error: HTTP Error: 500, Internal error encountered.
[debug] [2020-10-26T17:10:31.842Z] Error Context: {
  "body": {
    "error": {
      "code": 500,
      "message": "Internal error encountered.",
      "status": "INTERNAL"
    }
  },
  "response": {
    "statusCode": 500,
    "body": {
      "error": {
        "code": 500,
        "message": "Internal error encountered.",
        "status": "INTERNAL"
      }
    },
    "headers": {
      "vary": "X-Origin, Referer, Origin,Accept-Encoding",
      "content-type": "application/json; charset=UTF-8",
      "date": "Mon, 26 Oct 2020 17:10:31 GMT",
      "server": "ESF",
      "cache-control": "private",
      "x-xss-protection": "0",
      "x-frame-options": "SAMEORIGIN",
      "x-content-type-options": "nosniff",
      "alt-svc": "h3-Q050=\":443\"; ma=2592000,h3-29=\":443\"; ma=2592000,h3-T051=\":443\"; ma=2592000,h3-T050=\":443\"; ma=2592000,h3-Q046=\":443\"; ma=2592000,h3-Q043=\":443\"; ma=2592000,quic=\":443\"; ma=2592000; v=\"46,43\"",
      "accept-ranges": "none",
      "transfer-encoding": "chunked"
    },
    "request": {
      "uri": {
        "protocol": "https:",
        "slashes": true,
        "auth": null,
        "host": "firebasehosting.googleapis.com",
        "port": 443,
        "hostname": "firebasehosting.googleapis.com",
        "hash": null,
        "search": null,
        "query": null,
        "pathname": "/v1beta1/sites/react-clone-discord/versions",
        "path": "/v1beta1/sites/react-clone-discord/versions",
        "href": "https://firebasehosting.googleapis.com/v1beta1/sites/react-clone-discord/versions"
      },
      "method": "POST"
    }
  }
}
